Performing C SOURCE FILE Test CMAKE_HAVE_LIBC_PTHREAD failed with the following output:
Change Dir: C:/Users/DV/Desktop/MP/PZ-1/SET/build/CMakeFiles/CMakeTmp

Run Build Command(s):D:/VS установка/MSBuild/Current/Bin/amd64/MSBuild.exe cmTC_03a40.vcxproj /p:Configuration=Debug /p:Platform=x64 /p:VisualStudioVersion=17.0 /v:m && MSBuild version 17.3.0+f67e3d35e for .NET Framework
  Оптимизирующий компилятор Microsoft (R) C/C++ версии 19.33.31629 для x64
  src.c
  (C) Корпорация Майкрософт (Microsoft Corporation).  Все права защищены.
  cl /c /Zi /W1 /WX- /diagnostics:column /Od /Ob0 /D _MBCS /D WIN32 /D _WINDOWS /D CMAKE_HAVE_LIBC_PTHREAD /D "CMAKE_INTDIR=\"Debug\"" /Gm- /RTC1 /MDd /GS /fp:precise /Zc:wchar_t /Zc:forScope /Zc:inline /Fo"cmTC_03a40.dir\Debug\\" /Fd"cmTC_03a40.dir\Debug\vc143.pdb" /external:W1 /Gd /TC /errorReport:queue "C:\Users\DV\Desktop\MP\PZ-1\SET\build\CMakeFiles\CMakeTmp\src.c"
C:\Users\DV\Desktop\MP\PZ-1\SET\build\CMakeFiles\CMakeTmp\src.c(1,10): fatal  error C1083: Не удается открыть файл включение: pthread.h: No such file or directory, [C:\Users\DV\Desktop\MP\PZ-1\SET\build\CMakeFiles\CMakeTmp\cmTC_03a40.vcxproj]


Source file was:
#include <pthread.h>

static void* test_func(void* data)
{
  return data;
}

int main(void)
{
  pthread_t thread;
  pthread_create(&thread, NULL, test_func, NULL);
  pthread_detach(thread);
  pthread_cancel(thread);
  pthread_join(thread, NULL);
  pthread_atfork(NULL, NULL, NULL);
  pthread_exit(NULL);

  return 0;
}

Determining if the function pthread_create exists in the pthreads failed with the following output:
Change Dir: C:/Users/DV/Desktop/MP/PZ-1/SET/build/CMakeFiles/CMakeTmp

Run Build Command(s):D:/VS установка/MSBuild/Current/Bin/amd64/MSBuild.exe cmTC_46ef9.vcxproj /p:Configuration=Debug /p:Platform=x64 /p:VisualStudioVersion=17.0 /v:m && MSBuild version 17.3.0+f67e3d35e for .NET Framework
  Оптимизирующий компилятор Microsoft (R) C/C++ версии 19.33.31629 для x64
  (C) Корпорация Майкрософт (Microsoft Corporation).  Все права защищены.
  cl /c /Zi /W1 /WX- /diagnostics:column /Od /Ob0 /D _MBCS /D WIN32 /D _WINDOWS /D CHECK_FUNCTION_EXISTS=pthread_create /D "CMAKE_INTDIR=\"Debug\"" /Gm- /RTC1 /MDd /GS /fp:precise /Zc:wchar_t /Zc:forScope /Zc:inline /Fo"cmTC_46ef9.dir\Debug\\" /Fd"cmTC_46ef9.dir\Debug\vc143.pdb" /external:W1 /Gd /TC /errorReport:queue "D:\share\cmake-3.24\Modules\CheckFunctionExists.c"
  CheckFunctionExists.c
LINK : fatal error LNK1104: не удается открыть файл "pthreads.lib" [C:\Users\DV\Desktop\MP\PZ-1\SET\build\CMakeFiles\CMakeTmp\cmTC_46ef9.vcxproj]



Determining if the function pthread_create exists in the pthread failed with the following output:
Change Dir: C:/Users/DV/Desktop/MP/PZ-1/SET/build/CMakeFiles/CMakeTmp

Run Build Command(s):D:/VS установка/MSBuild/Current/Bin/amd64/MSBuild.exe cmTC_f98b8.vcxproj /p:Configuration=Debug /p:Platform=x64 /p:VisualStudioVersion=17.0 /v:m && MSBuild version 17.3.0+f67e3d35e for .NET Framework
  Оптимизирующий компилятор Microsoft (R) C/C++ версии 19.33.31629 для x64
  (C) Корпорация Майкрософт (Microsoft Corporation).  Все права защищены.
  cl /c /Zi /W1 /WX- /diagnostics:column /Od /Ob0 /D _MBCS /D WIN32 /D _WINDOWS /D CHECK_FUNCTION_EXISTS=pthread_create /D "CMAKE_INTDIR=\"Debug\"" /Gm- /RTC1 /MDd /GS /fp:precise /Zc:wchar_t /Zc:forScope /Zc:inline /Fo"cmTC_f98b8.dir\Debug\\" /Fd"cmTC_f98b8.dir\Debug\vc143.pdb" /external:W1 /Gd /TC /errorReport:queue "D:\share\cmake-3.24\Modules\CheckFunctionExists.c"
  CheckFunctionExists.c
LINK : fatal error LNK1104: не удается открыть файл "pthread.lib" [C:\Users\DV\Desktop\MP\PZ-1\SET\build\CMakeFiles\CMakeTmp\cmTC_f98b8.vcxproj]



